<?xml version="1.0" encoding="UTF-8"?>
<!-- Generated by org.testng.reporters.JUnitReportReporter -->
<testsuite skipped="0" hostname="Muhammet" name="TestRunner.testRunner" tests="1" failures="0" timestamp="18 Jan 2019 22:53:57 GMT" time="0.671" errors="0">
  <testcase name="feature" time="0.671" classname="TestRunner.testRunner"/>
</testsuite> <!-- TestRunner.testRunner -->
